c:\users\godye\desktop\myproject\projectay\myserver\gameserver\x64\debug\gameserver.pch
c:\users\godye\desktop\myproject\projectay\myserver\gameserver\x64\debug\vc143.pdb
c:\users\godye\desktop\myproject\projectay\myserver\gameserver\x64\debug\vc143.idb
c:\users\godye\desktop\myproject\projectay\myserver\gameserver\x64\debug\pch.obj
c:\users\godye\desktop\myproject\projectay\myserver\gameserver\x64\debug\world.obj
c:\users\godye\desktop\myproject\projectay\myserver\gameserver\x64\debug\user.obj
c:\users\godye\desktop\myproject\projectay\myserver\gameserver\x64\debug\gamesessionmanager.obj
c:\users\godye\desktop\myproject\projectay\myserver\gameserver\x64\debug\gamesession.obj
c:\users\godye\desktop\myproject\projectay\myserver\gameserver\x64\debug\gameserver.obj
c:\users\godye\desktop\myproject\projectay\myserver\gameserver\x64\debug\engine.obj
c:\users\godye\desktop\myproject\projectay\myserver\gameserver\x64\debug\clientpackethandler.obj
c:\users\godye\desktop\myproject\projectay\myserver\gameserver\x64\debug\struct.pb.obj
c:\users\godye\desktop\myproject\projectay\myserver\gameserver\x64\debug\protocol.pb.obj
c:\users\godye\desktop\myproject\projectay\myserver\gameserver\x64\debug\enum.pb.obj
c:\users\godye\desktop\myproject\projectay\myserver\binary\debug\gameserver.exe
c:\users\godye\desktop\myproject\projectay\myserver\gameserver\x64\debug\gameserver.ilk
c:\users\godye\desktop\myproject\projectay\myserver\binary\debug\gameserver.pdb
c:\users\godye\desktop\myproject\projectay\myserver\gameserver\x64\debug\gameserver.tlog\cl.command.1.tlog
c:\users\godye\desktop\myproject\projectay\myserver\gameserver\x64\debug\gameserver.tlog\cl.items.tlog
c:\users\godye\desktop\myproject\projectay\myserver\gameserver\x64\debug\gameserver.tlog\cl.read.1.tlog
c:\users\godye\desktop\myproject\projectay\myserver\gameserver\x64\debug\gameserver.tlog\cl.write.1.tlog
c:\users\godye\desktop\myproject\projectay\myserver\gameserver\x64\debug\gameserver.tlog\link.command.1.tlog
c:\users\godye\desktop\myproject\projectay\myserver\gameserver\x64\debug\gameserver.tlog\link.read.1.tlog
c:\users\godye\desktop\myproject\projectay\myserver\gameserver\x64\debug\gameserver.tlog\link.write.1.tlog
