c:\users\godye\desktop\project\myserver\dummyclient\x64\release\dummyclient.pch
c:\users\godye\desktop\project\myserver\dummyclient\x64\release\vc142.pdb
c:\users\godye\desktop\project\myserver\dummyclient\x64\release\pch.obj
c:\users\godye\desktop\project\myserver\dummyclient\x64\release\struct.pb.obj
c:\users\godye\desktop\project\myserver\dummyclient\x64\release\protocol.pb.obj
c:\users\godye\desktop\project\myserver\dummyclient\x64\release\enum.pb.obj
c:\users\godye\desktop\project\myserver\dummyclient\x64\release\dummyclient.obj
c:\users\godye\desktop\project\myserver\dummyclient\x64\release\serverpackethandler.obj
c:\users\godye\desktop\project\myserver\binary\release\dummyclient.exe
c:\users\godye\desktop\project\myserver\dummyclient\x64\release\dummyclient.ipdb
c:\users\godye\desktop\project\myserver\dummyclient\x64\release\dummyclient.iobj
c:\users\godye\desktop\project\myserver\binary\release\dummyclient.pdb
c:\users\godye\desktop\myproject\projectay\myserver\dummyclient\x64\release\dummyclient.obj
c:\users\godye\desktop\myproject\projectay\myserver\dummyclient\x64\release\enum.pb.obj
c:\users\godye\desktop\myproject\projectay\myserver\dummyclient\x64\release\pch.obj
c:\users\godye\desktop\myproject\projectay\myserver\dummyclient\x64\release\protocol.pb.obj
c:\users\godye\desktop\myproject\projectay\myserver\dummyclient\x64\release\serverpackethandler.obj
c:\users\godye\desktop\myproject\projectay\myserver\dummyclient\x64\release\struct.pb.obj
c:\users\godye\desktop\myproject\projectay\myserver\dummyclient\x64\release\dummyclient.ipdb
c:\users\godye\desktop\myproject\projectay\myserver\dummyclient\x64\release\dummyclient.iobj
c:\users\godye\desktop\myproject\projectay\myserver\dummyclient\x64\release\dummyclient.pch
c:\users\godye\desktop\myproject\projectay\myserver\dummyclient\x64\release\vc142.pdb
c:\users\godye\desktop\myproject\projectay\myserver\binary\release\dummyclient.pdb
c:\users\godye\desktop\myproject\projectay\myserver\binary\release\dummyclient.exe
c:\users\godye\desktop\myproject\projectay\myserver\dummyclient\x64\release\dummyclient.tlog\cl.command.1.tlog
c:\users\godye\desktop\myproject\projectay\myserver\dummyclient\x64\release\dummyclient.tlog\cl.read.1.tlog
c:\users\godye\desktop\myproject\projectay\myserver\dummyclient\x64\release\dummyclient.tlog\cl.write.1.tlog
c:\users\godye\desktop\myproject\projectay\myserver\dummyclient\x64\release\dummyclient.tlog\link.command.1.tlog
c:\users\godye\desktop\myproject\projectay\myserver\dummyclient\x64\release\dummyclient.tlog\link.read.1.tlog
c:\users\godye\desktop\myproject\projectay\myserver\dummyclient\x64\release\dummyclient.tlog\link.write.1.tlog
