c:\users\godye\desktop\project\myserver\servercore\x64\release\servercore.pch
c:\users\godye\desktop\project\myserver\libraries\libs\servercore\release\servercore.pdb
c:\users\godye\desktop\project\myserver\servercore\x64\release\pch.obj
c:\users\godye\desktop\project\myserver\servercore\x64\release\session.obj
c:\users\godye\desktop\project\myserver\servercore\x64\release\service.obj
c:\users\godye\desktop\project\myserver\servercore\x64\release\sendbuffer.obj
c:\users\godye\desktop\project\myserver\servercore\x64\release\refcounting.obj
c:\users\godye\desktop\project\myserver\servercore\x64\release\recvbuffer.obj
c:\users\godye\desktop\project\myserver\servercore\x64\release\netaddress.obj
c:\users\godye\desktop\project\myserver\servercore\x64\release\memorypool.obj
c:\users\godye\desktop\project\myserver\servercore\x64\release\memory.obj
c:\users\godye\desktop\project\myserver\servercore\x64\release\lock.obj
c:\users\godye\desktop\project\myserver\servercore\x64\release\listener.obj
c:\users\godye\desktop\project\myserver\servercore\x64\release\iocpevent.obj
c:\users\godye\desktop\project\myserver\servercore\x64\release\iocpcore.obj
c:\users\godye\desktop\project\myserver\servercore\x64\release\deadlockprofiler.obj
c:\users\godye\desktop\project\myserver\servercore\x64\release\coretls.obj
c:\users\godye\desktop\project\myserver\servercore\x64\release\corepch.obj
c:\users\godye\desktop\project\myserver\servercore\x64\release\coreglobal.obj
c:\users\godye\desktop\project\myserver\servercore\x64\release\consolelogger.obj
c:\users\godye\desktop\project\myserver\servercore\x64\release\bufferwriter.obj
c:\users\godye\desktop\project\myserver\servercore\x64\release\bufferreader.obj
c:\users\godye\desktop\project\myserver\servercore\x64\release\allocator.obj
c:\users\godye\desktop\project\myserver\servercore\x64\release\threadmanager.obj
c:\users\godye\desktop\project\myserver\servercore\x64\release\socketutils.obj
c:\users\godye\desktop\project\myserver\servercore\x64\release\singleton.obj
c:\users\godye\desktop\project\myserver\libraries\libs\servercore\release\servercore.lib
c:\users\godye\desktop\project\projectya\myserver\servercore\x64\release\allocator.obj
c:\users\godye\desktop\project\projectya\myserver\servercore\x64\release\bufferreader.obj
c:\users\godye\desktop\project\projectya\myserver\servercore\x64\release\bufferwriter.obj
c:\users\godye\desktop\project\projectya\myserver\servercore\x64\release\consolelogger.obj
c:\users\godye\desktop\project\projectya\myserver\servercore\x64\release\coreglobal.obj
c:\users\godye\desktop\project\projectya\myserver\servercore\x64\release\corepch.obj
c:\users\godye\desktop\project\projectya\myserver\servercore\x64\release\coretls.obj
c:\users\godye\desktop\project\projectya\myserver\servercore\x64\release\deadlockprofiler.obj
c:\users\godye\desktop\project\projectya\myserver\servercore\x64\release\iocpcore.obj
c:\users\godye\desktop\project\projectya\myserver\servercore\x64\release\iocpevent.obj
c:\users\godye\desktop\project\projectya\myserver\servercore\x64\release\listener.obj
c:\users\godye\desktop\project\projectya\myserver\servercore\x64\release\lock.obj
c:\users\godye\desktop\project\projectya\myserver\servercore\x64\release\memory.obj
c:\users\godye\desktop\project\projectya\myserver\servercore\x64\release\memorypool.obj
c:\users\godye\desktop\project\projectya\myserver\servercore\x64\release\netaddress.obj
c:\users\godye\desktop\project\projectya\myserver\servercore\x64\release\pch.obj
c:\users\godye\desktop\project\projectya\myserver\servercore\x64\release\recvbuffer.obj
c:\users\godye\desktop\project\projectya\myserver\servercore\x64\release\refcounting.obj
c:\users\godye\desktop\project\projectya\myserver\servercore\x64\release\sendbuffer.obj
c:\users\godye\desktop\project\projectya\myserver\servercore\x64\release\service.obj
c:\users\godye\desktop\project\projectya\myserver\servercore\x64\release\session.obj
c:\users\godye\desktop\project\projectya\myserver\servercore\x64\release\singleton.obj
c:\users\godye\desktop\project\projectya\myserver\servercore\x64\release\socketutils.obj
c:\users\godye\desktop\project\projectya\myserver\servercore\x64\release\threadmanager.obj
c:\users\godye\desktop\project\projectya\myserver\servercore\x64\release\servercore.pch
c:\users\godye\desktop\project\projectya\myserver\libraries\libs\servercore\release\servercore.pdb
c:\users\godye\desktop\project\projectya\myserver\libraries\libs\servercore\release\servercore.lib
c:\users\godye\desktop\project\projectya\myserver\servercore\x64\release\servercore.tlog\cl.command.1.tlog
c:\users\godye\desktop\project\projectya\myserver\servercore\x64\release\servercore.tlog\cl.read.1.tlog
c:\users\godye\desktop\project\projectya\myserver\servercore\x64\release\servercore.tlog\cl.write.1.tlog
c:\users\godye\desktop\project\projectya\myserver\servercore\x64\release\servercore.tlog\lib-link.read.1.tlog
c:\users\godye\desktop\project\projectya\myserver\servercore\x64\release\servercore.tlog\lib-link.write.1.tlog
c:\users\godye\desktop\project\projectya\myserver\servercore\x64\release\servercore.tlog\lib.command.1.tlog
