c:\users\godye\desktop\myproject\projectay\myserver\servercore\x64\debug\servercore.pch
c:\users\godye\desktop\myproject\projectay\myserver\libraries\libs\servercore\debug\servercore.pdb
c:\users\godye\desktop\myproject\projectay\myserver\libraries\libs\servercore\debug\servercore.idb
c:\users\godye\desktop\myproject\projectay\myserver\servercore\x64\debug\pch.obj
c:\users\godye\desktop\myproject\projectay\myserver\servercore\x64\debug\csvreader.obj
c:\users\godye\desktop\myproject\projectay\myserver\servercore\x64\debug\lockqueue.obj
c:\users\godye\desktop\myproject\projectay\myserver\servercore\x64\debug\lock.obj
c:\users\godye\desktop\myproject\projectay\myserver\servercore\x64\debug\listener.obj
c:\users\godye\desktop\myproject\projectay\myserver\servercore\x64\debug\jobtimer.obj
c:\users\godye\desktop\myproject\projectay\myserver\servercore\x64\debug\jobqueue.obj
c:\users\godye\desktop\myproject\projectay\myserver\servercore\x64\debug\job.obj
c:\users\godye\desktop\myproject\projectay\myserver\servercore\x64\debug\netevent.obj
c:\users\godye\desktop\myproject\projectay\myserver\servercore\x64\debug\netcore.obj
c:\users\godye\desktop\myproject\projectay\myserver\servercore\x64\debug\globalqueue.obj
c:\users\godye\desktop\myproject\projectay\myserver\servercore\x64\debug\deadlockprofiler.obj
c:\users\godye\desktop\myproject\projectay\myserver\servercore\x64\debug\dbquery.obj
c:\users\godye\desktop\myproject\projectay\myserver\servercore\x64\debug\dbconnectionpool.obj
c:\users\godye\desktop\myproject\projectay\myserver\servercore\x64\debug\dbconnection.obj
c:\users\godye\desktop\myproject\projectay\myserver\servercore\x64\debug\coretls.obj
c:\users\godye\desktop\myproject\projectay\myserver\servercore\x64\debug\corepch.obj
c:\users\godye\desktop\myproject\projectay\myserver\servercore\x64\debug\coreglobal.obj
c:\users\godye\desktop\myproject\projectay\myserver\servercore\x64\debug\bufferwriter.obj
c:\users\godye\desktop\myproject\projectay\myserver\servercore\x64\debug\bufferreader.obj
c:\users\godye\desktop\myproject\projectay\myserver\servercore\x64\debug\allocator.obj
c:\users\godye\desktop\myproject\projectay\myserver\servercore\x64\debug\timeconverter.obj
c:\users\godye\desktop\myproject\projectay\myserver\servercore\x64\debug\threadmanager.obj
c:\users\godye\desktop\myproject\projectay\myserver\servercore\x64\debug\table.obj
c:\users\godye\desktop\myproject\projectay\myserver\servercore\x64\debug\netsocketutils.obj
c:\users\godye\desktop\myproject\projectay\myserver\servercore\x64\debug\singleton.obj
c:\users\godye\desktop\myproject\projectay\myserver\servercore\x64\debug\netsession.obj
c:\users\godye\desktop\myproject\projectay\myserver\servercore\x64\debug\netservice.obj
c:\users\godye\desktop\myproject\projectay\myserver\servercore\x64\debug\sendbuffer.obj
c:\users\godye\desktop\myproject\projectay\myserver\servercore\x64\debug\recvbuffer.obj
c:\users\godye\desktop\myproject\projectay\myserver\servercore\x64\debug\queryrunmanager.obj
c:\users\godye\desktop\myproject\projectay\myserver\servercore\x64\debug\netaddress.obj
c:\users\godye\desktop\myproject\projectay\myserver\servercore\x64\debug\memorypool.obj
c:\users\godye\desktop\myproject\projectay\myserver\servercore\x64\debug\memory.obj
c:\users\godye\desktop\myproject\projectay\myserver\servercore\x64\debug\servercore.tlog\cl.command.1.tlog
c:\users\godye\desktop\myproject\projectay\myserver\servercore\x64\debug\servercore.tlog\cl.read.1.tlog
c:\users\godye\desktop\myproject\projectay\myserver\servercore\x64\debug\servercore.tlog\cl.write.1.tlog
