  pch.cpp
  CSVReader.cpp
  Allocator.cpp
  BufferReader.cpp
  BufferWriter.cpp
  ConsoleLogger.cpp
  CoreGlobal.cpp
  CorePch.cpp
  CoreTLS.cpp
  DBConnection.cpp
  DBConnectionPool.cpp
  DBQuery.cpp
C:\Users\godye\Desktop\MyProject\MyServer\ServerCore\DBQuery.cpp(4,88): warning C4244: '초기화 중': 'int64'에서 'long'(으)로 변환하면서 데이터가 손실될 수 있습니다.
  DeadLockProfiler.cpp
  GlobalQueue.cpp
  NetCore.cpp
  NetEvent.cpp
  Job.cpp
  JobQueue.cpp
  JobTimer.cpp
  Listener.cpp
  Lock.cpp
  LockQueue.cpp
  코드를 생성하고 있습니다...
  컴파일하고 있습니다...
  Memory.cpp
  MemoryPool.cpp
  NetAddress.cpp
  QueryRunManager.cpp
  RecvBuffer.cpp
  SendBuffer.cpp
  NetService.cpp
  NetSession.cpp
  Singleton.cpp
  NetSocketUtils.cpp
  Table.cpp
  ThreadManager.cpp
  TimeConverter.cpp
  코드를 생성하고 있습니다...
  ServerCore.vcxproj -> C:\Users\godye\Desktop\MyProject\MyServer\Libraries\Libs\ServerCore\Debug\ServerCore.lib
