c:\users\godye\desktop\myproject\projectay\myserver\dummyclient\x64\debug\vc143.pdb
c:\users\godye\desktop\myproject\projectay\myserver\dummyclient\x64\debug\vc143.idb
c:\users\godye\desktop\myproject\projectay\myserver\dummyclient\x64\debug\struct.pb.obj
c:\users\godye\desktop\myproject\projectay\myserver\dummyclient\x64\debug\protocol.pb.obj
c:\users\godye\desktop\myproject\projectay\myserver\dummyclient\x64\debug\enum.pb.obj
c:\users\godye\desktop\myproject\projectay\myserver\dummyclient\x64\debug\dummyclient.pch
c:\users\godye\desktop\myproject\projectay\myserver\dummyclient\x64\debug\pch.obj
c:\users\godye\desktop\myproject\projectay\myserver\dummyclient\x64\debug\serverpackethandler.obj
c:\users\godye\desktop\myproject\projectay\myserver\dummyclient\x64\debug\dummyclient.obj
c:\users\godye\desktop\myproject\projectay\myserver\dummyclient\x64\debug\dummyclient.ilk
c:\users\godye\desktop\myproject\projectay\myserver\binary\debug\dummyclient.exe
c:\users\godye\desktop\myproject\projectay\myserver\binary\debug\dummyclient.pdb
c:\users\godye\onedrive\바탕 화면\myproject\projectay\myserver\dummyclient\x64\debug\dummyclient.ilk
c:\users\godye\onedrive\바탕 화면\myproject\projectay\myserver\dummyclient\x64\debug\vc143.idb
c:\users\godye\onedrive\바탕 화면\myproject\projectay\myserver\dummyclient\x64\debug\vc143.pdb
c:\users\godye\onedrive\바탕 화면\myproject\projectay\myserver\binary\debug\dummyclient.pdb
c:\users\godye\onedrive\바탕 화면\myproject\projectay\myserver\binary\debug\dummyclient.exe
c:\users\godye\onedrive\바탕 화면\myproject\projectay\myserver\dummyclient\x64\debug\dummyclient.tlog\cl.command.1.tlog
c:\users\godye\onedrive\바탕 화면\myproject\projectay\myserver\dummyclient\x64\debug\dummyclient.tlog\cl.items.tlog
c:\users\godye\onedrive\바탕 화면\myproject\projectay\myserver\dummyclient\x64\debug\dummyclient.tlog\cl.read.1.tlog
c:\users\godye\onedrive\바탕 화면\myproject\projectay\myserver\dummyclient\x64\debug\dummyclient.tlog\cl.write.1.tlog
c:\users\godye\onedrive\바탕 화면\myproject\projectay\myserver\dummyclient\x64\debug\dummyclient.tlog\link.command.1.tlog
c:\users\godye\onedrive\바탕 화면\myproject\projectay\myserver\dummyclient\x64\debug\dummyclient.tlog\link.read.1.tlog
c:\users\godye\onedrive\바탕 화면\myproject\projectay\myserver\dummyclient\x64\debug\dummyclient.tlog\link.write.1.tlog
