c:\users\godye\desktop\project\myserver\gameserver\x64\release\gameserver.pch
c:\users\godye\desktop\project\myserver\gameserver\x64\release\vc142.pdb
c:\users\godye\desktop\project\myserver\gameserver\x64\release\pch.obj
c:\users\godye\desktop\project\myserver\gameserver\x64\release\usermanager.obj
c:\users\godye\desktop\project\myserver\gameserver\x64\release\user.obj
c:\users\godye\desktop\project\myserver\gameserver\x64\release\gamesessionmanager.obj
c:\users\godye\desktop\project\myserver\gameserver\x64\release\gamesession.obj
c:\users\godye\desktop\project\myserver\gameserver\x64\release\gameserver.obj
c:\users\godye\desktop\project\myserver\gameserver\x64\release\clientpackethandler.obj
c:\users\godye\desktop\project\myserver\gameserver\x64\release\struct.pb.obj
c:\users\godye\desktop\project\myserver\gameserver\x64\release\protocol.pb.obj
c:\users\godye\desktop\project\myserver\gameserver\x64\release\enum.pb.obj
c:\users\godye\desktop\project\myserver\binary\release\gameserver.exe
c:\users\godye\desktop\project\myserver\gameserver\x64\release\gameserver.ipdb
c:\users\godye\desktop\project\myserver\gameserver\x64\release\gameserver.iobj
c:\users\godye\desktop\project\myserver\binary\release\gameserver.pdb
c:\users\godye\desktop\myproject\projectay\myserver\gameserver\x64\release\clientpackethandler.obj
c:\users\godye\desktop\myproject\projectay\myserver\gameserver\x64\release\enum.pb.obj
c:\users\godye\desktop\myproject\projectay\myserver\gameserver\x64\release\gameserver.obj
c:\users\godye\desktop\myproject\projectay\myserver\gameserver\x64\release\gamesession.obj
c:\users\godye\desktop\myproject\projectay\myserver\gameserver\x64\release\gamesessionmanager.obj
c:\users\godye\desktop\myproject\projectay\myserver\gameserver\x64\release\pch.obj
c:\users\godye\desktop\myproject\projectay\myserver\gameserver\x64\release\protocol.pb.obj
c:\users\godye\desktop\myproject\projectay\myserver\gameserver\x64\release\struct.pb.obj
c:\users\godye\desktop\myproject\projectay\myserver\gameserver\x64\release\user.obj
c:\users\godye\desktop\myproject\projectay\myserver\gameserver\x64\release\usermanager.obj
c:\users\godye\desktop\myproject\projectay\myserver\gameserver\x64\release\gameserver.ipdb
c:\users\godye\desktop\myproject\projectay\myserver\gameserver\x64\release\gameserver.iobj
c:\users\godye\desktop\myproject\projectay\myserver\gameserver\x64\release\gameserver.pch
c:\users\godye\desktop\myproject\projectay\myserver\gameserver\x64\release\vc142.pdb
c:\users\godye\desktop\myproject\projectay\myserver\binary\release\gameserver.pdb
c:\users\godye\desktop\myproject\projectay\myserver\binary\release\gameserver.exe
c:\users\godye\desktop\myproject\projectay\myserver\gameserver\x64\release\gameserver.tlog\cl.command.1.tlog
c:\users\godye\desktop\myproject\projectay\myserver\gameserver\x64\release\gameserver.tlog\cl.read.1.tlog
c:\users\godye\desktop\myproject\projectay\myserver\gameserver\x64\release\gameserver.tlog\cl.write.1.tlog
c:\users\godye\desktop\myproject\projectay\myserver\gameserver\x64\release\gameserver.tlog\link.command.1.tlog
c:\users\godye\desktop\myproject\projectay\myserver\gameserver\x64\release\gameserver.tlog\link.read.1.tlog
c:\users\godye\desktop\myproject\projectay\myserver\gameserver\x64\release\gameserver.tlog\link.write.1.tlog
